  Source.cpp
C:\Users\Usuario\Documents\GitHub\Algoritmos\algoritmos1\Source.cpp(8,12): warning C4244: 'argumento': conversión de 'time_t' a 'unsigned int'; posible pérdida de datos
C:\Users\Usuario\Documents\GitHub\Algoritmos\algoritmos1\Seleccion.h(12,2): warning C4018: '<': no coinciden signed/unsigned
C:\Users\Usuario\Documents\GitHub\Algoritmos\algoritmos1\Seleccion.h(10): message : al compilar la función del miembro clase plantilla "void Seleccion<int>::Ordenar(void)"
C:\Users\Usuario\Documents\GitHub\Algoritmos\algoritmos1\Source.cpp(18): message : Vea la referencia a la creación de una instancia de la función plantilla "void Seleccion<int>::Ordenar(void)" que se está compilando
C:\Users\Usuario\Documents\GitHub\Algoritmos\algoritmos1\Source.cpp(17): message : Vea la referencia a la creación de una instancia de clase plantilla "Seleccion<int>" que se está compilando
C:\Users\Usuario\Documents\GitHub\Algoritmos\algoritmos1\Seleccion.h(16,2): warning C4018: '<': no coinciden signed/unsigned
C:\Users\Usuario\Documents\GitHub\Algoritmos\algoritmos1\Burbuja.h(14,2): warning C4018: '<': no coinciden signed/unsigned
C:\Users\Usuario\Documents\GitHub\Algoritmos\algoritmos1\Burbuja.h(12): message : al compilar la función del miembro clase plantilla "void Burbuja<int>::Ordenar(void)"
C:\Users\Usuario\Documents\GitHub\Algoritmos\algoritmos1\Source.cpp(15): message : Vea la referencia a la creación de una instancia de la función plantilla "void Burbuja<int>::Ordenar(void)" que se está compilando
C:\Users\Usuario\Documents\GitHub\Algoritmos\algoritmos1\Source.cpp(14): message : Vea la referencia a la creación de una instancia de clase plantilla "Burbuja<int>" que se está compilando
C:\Users\Usuario\Documents\GitHub\Algoritmos\algoritmos1\Burbuja.h(18,2): warning C4018: '<': no coinciden signed/unsigned
C:\Users\Usuario\Documents\GitHub\Algoritmos\algoritmos1\Principal.h(26,20): warning C4018: '<': no coinciden signed/unsigned
C:\Users\Usuario\Documents\GitHub\Algoritmos\algoritmos1\Principal.h(24): message : al compilar la función del miembro clase plantilla "void Principal<T>::mostrar(void)"
          with
          [
              T=int
          ]
C:\Users\Usuario\Documents\GitHub\Algoritmos\algoritmos1\Source.cpp(11): message : Vea la referencia a la creación de una instancia de la función plantilla "void Principal<T>::mostrar(void)" que se está compilando
          with
          [
              T=int
          ]
C:\Users\Usuario\Documents\GitHub\Algoritmos\algoritmos1\Fisher_Yate.h(6): message : Vea la referencia a la creación de una instancia de clase plantilla "Principal<T>" que se está compilando
          with
          [
              T=int
          ]
C:\Users\Usuario\Documents\GitHub\Algoritmos\algoritmos1\Source.cpp(10): message : Vea la referencia a la creación de una instancia de clase plantilla "Fisher<int>" que se está compilando
  algoritmos1.vcxproj -> C:\Users\Usuario\Documents\GitHub\Algoritmos\algoritmos1\Debug\algoritmos1.exe
